<?xml version="1.0" encoding="UTF-8"?>
<!-- Generated by org.testng.reporters.JUnitReportReporter -->
<testsuite hostname="LAPTOP-1G02M72B" failures="0" tests="5" name="com.salesforce.tests.SfdcTestcases" time="55.038" errors="0" timestamp="04 Dec 2022 02:27:51 GMT" skipped="0">
  <testcase classname="com.salesforce.tests.SfdcTestcases" name="loginFail" time="6.802"/>
  <testcase classname="com.salesforce.tests.SfdcTestcases" name="forgotpasswordB" time="14.541"/>
  <testcase classname="com.salesforce.tests.SfdcTestcases" name="loginSuccess" time="9.571"/>
  <testcase classname="com.salesforce.tests.SfdcTestcases" name="forgotpassword" time="8.016"/>
  <testcase classname="com.salesforce.tests.SfdcTestcases" name="remamberMe" time="16.108"/>
</testsuite> <!-- com.salesforce.tests.SfdcTestcases -->
