<?xml version="1.0" encoding="UTF-8"?>
<!-- Generated by org.testng.reporters.JUnitReportReporter -->
<testsuite hostname="LAPTOP-1G02M72B" failures="0" tests="5" name="com.salesforce.tests.LoginTest" time="43.163" errors="0" timestamp="29 Nov 2022 21:55:07 GMT" skipped="0">
  <testcase classname="com.salesforce.tests.LoginTest" name="forgotpasswordB" time="7.798"/>
  <testcase classname="com.salesforce.tests.LoginTest" name="loginFail" time="7.939"/>
  <testcase classname="com.salesforce.tests.LoginTest" name="usernamecheck" time="15.954"/>
  <testcase classname="com.salesforce.tests.LoginTest" name="forgotpassword" time="5.578"/>
  <testcase classname="com.salesforce.tests.LoginTest" name="loginSuccess" time="5.894"/>
</testsuite> <!-- com.salesforce.tests.LoginTest -->
